<?xml version="1.0" encoding="UTF-8"?>
<testng-results skipped="0" failed="0" total="1" passed="1">
  <reporter-output>
  </reporter-output>
  <suite name="Default suite" duration-ms="6669" started-at="2019-04-28T03:55:39Z" finished-at="2019-04-28T03:55:46Z">
    <groups>
    </groups>
    <test name="Default test" duration-ms="6669" started-at="2019-04-28T03:55:39Z" finished-at="2019-04-28T03:55:46Z">
      <class name="Academy.HomepageTest">
        <test-method status="PASS" signature="BasePagenavigation()[pri:0, instance:Academy.HomepageTest@573f2bb1]" name="BasePagenavigation" duration-ms="6651" started-at="2019-04-27T20:55:39Z" finished-at="2019-04-27T20:55:46Z">
          <reporter-output>
          </reporter-output>
        </test-method> <!-- BasePagenavigation -->
      </class> <!-- Academy.HomepageTest -->
    </test> <!-- Default test -->
  </suite> <!-- Default suite -->
</testng-results>
